"/home/zhangzyhf/.rustup/toolchains/nightly-2020-05-10-x86_64-unknown-linux-gnu/bin/cargo" "check"
build_script_build
build_script_build
unicode_xid
build_script_build
cfg_if
byteorder
rand_core
semver_parser
lazy_static
nodrop
scopeguard
void
stable_deref_trait
build_script_build
build_script_build
build_script_build
version_check
rustc_hex
futures
memoffset
crossbeam_utils
build_script_build
static_assertions
slab
build_script_main
lazycell
itoa
cfg_if
build_script_build
parity_bytes
fs_extra
ucd_util
byte_tools
opaque_debug
fnv
fake_simd
safemem
either
subtle
utf8_ranges
rustc_hex
build_script_build
build_script_build
quick_error
rand_core
build_script_build
untrusted
spin
subtle
memzero
hash_db
edit_distance
rustc_hex
percent_encoding
byteorder
rustc_demangle
matches
unicode_width
nodrop
hashmap_core
remove_dir_all
indexmap
itoa
static_assertions
try_lock
string
rustc_demangle
unexpected
build_script_build
unicode_normalization
unicode_segmentation
hamming
build_script_build
linked_hash_map
ansi_term
primal_estimate
ethabi_contract
build_script_build
build_script_build
remove_dir_all
nan_preserving_float
memory_units
bit_vec
interleaved_ordered
macros
semver_parser
scoped_tls
bitflags
time_utils
siphasher
try_lock
ipnetwork
using_queue
siphasher
slab
language_tags
xdg
matches
home
siphasher
rustc_serialize
byte_tools
slab
arrayref
bitflags
build_script_build
parity_path
ucd_util
lazy_static
build_script_build
utf8_ranges
percent_encoding
base_x
mio_named_pipes
sha1
if_chain
unicode_normalization
integer_encoding
termcolor
sha1
target_info
build
unicode_width
order_stat
transient_hashmap
strsim
winapi
rprompt
ansi_term
bitflags
vec_map
hex
crossbeam_utils
log
crossbeam_utils
base64
fxhash
rand_core
rand_hc
rand_isaac
rand_xorshift
thread_local
arrayvec
cmake
parity_wasm
unreachable
owning_ref
build_script_build
build_script_build
build_script_build
build_script_build
build_script_build
build_script_build
tokio_executor
tokio_service
rlp
relay
build_script_build
regex_syntax
block_padding
build_script_build
base64
regex_syntax
itertools
humantime
rand_core
itertools
rlp
unicode_bidi
getopts
arrayvec
heck
primal_bit
lru_cache
bit_set
ethcore_bloom_journal
tokio_timer
app_dirs
xml
unicode_bidi
block_buffer
thread_local
multibase
textwrap
textwrap
build_script_build
libc
regex_syntax
libc
proc_macro2
want
trace_time
log
stats
want
toolshed
crossbeam_epoch
crossbeam_epoch
build_script_build
crossbeam_epoch
build_script_build
smallvec
pwasm_utils
heapsize
heapsize
crunchy
crunchy
lock_api
wasmi
crunchy
crunchy
tokio_current_thread
tokio_timer
impl_rlp
triehash
ryu
ryu
typenum
num_traits
httparse
impl_rlp
idna
pulldown_cmark
xmltree
idna
winapi
rand
iovec
num_cpus
net2
time
rand
fs_swap
memmap
atty
socket2
rpassword
fdlimit
term_size
rand
rand
time
quote
lunarity_lexer
crossbeam_deque
crossbeam_deque
crossbeam_deque
primal_sieve
transaction_pool
elastic_array
tiny_keccak
plain_hasher
tiny_keccak
clear_on_drop
uint
uint
memchr
memchr
backtrace_sys
backtrace_sys
unicase
unicase
unicase
ring
generic_array
generic_array
num_integer
num_traits
number_prefix
url
url
kernel32
fixed_hash
parity_wordlist
bn
bytes
futures_cpupool
mio
rand
tempdir
clap
miow
fixed_hash
tempdir
vergen
syn
tokio_threadpool
rayon_core
parity_snappy_sys
kvdb
rlp_compress
aho_corasick
aho_corasick
backtrace
backtrace
mime
phf_shared
phf_shared
sct
webpki
digest
block_cipher_trait
block_buffer
crypto_mac
stream_cipher
digest
chrono
primal_check
num_bigint
num_iter
enum_primitive
ordered_float
ctrlc
tokio_io
http
mio_uds
mio_extras
skeptic
jemalloc_sys
rayon
parity_snappy
synstructure
serde_derive
rlp_derive
derive_more
jsonrpc_derive
regex
regex
regex
error_chain
panic_hook
error_chain
phf_generator
phf
ct_logs
rustls
webpki_roots
block_modes
sha2
ripemd160
hmac
aesni
sha2
timer
primal
num
tokio_codec
tokio_fs
h2
parity_ws
build_script_build
jemallocator
malloc_size_of_derive
failure_derive
serde
serde
globset
env_logger
phf_codegen
tokio_rustls
pbkdf2
aes
aes_ctr
multihash
failure
semver
parity_codec
serde_json
impl_serde
toml
impl_serde
parity_codec
serde_json
semver
bincode
toml
docopt
build_script_build
scrypt
cid
local_encoding
parity_daemonize
rustc_version
impl_codec
validator
ethbloom
ethbloom
impl_codec
jsonrpc_core
validator
parity_crypto
build_script_build
build_script_build
build_script_build
build_script_build
build_script_build
build_script_build
primitive_types
validator_derive
primitive_types
mime_guess
ethereum_types
ethereum_types
keccak_hash
rand_chacha
rand_pcg
parking_lot_core
parity_version
ethabi
ethjson
keccak_hasher
fastmap
ethabi
rand
parking_lot
ethabi_derive
triehash_ethereum
eip_712
parking_lot_core
secp256k1
trie_db
tokio_reactor
crossbeam_channel
kvdb_memorydb
failsafe
registrar
parking_lot
patricia_trie_ethereum
tokio_tcp
tokio_uds
tokio_udp
crossbeam
parity_util_mem
ethash
blooms_db
len_caching_lock
jsonrpc_pubsub
ethcore_logger
vm
tokio
ethkey
memory_db
memory_cache
wasm
hyper
jsonrpc_server_utils
ethcore_io
parity_runtime
tokio_core
tokio_named_pipes
common_types
journaldb
evm
hyper_rustls
jsonrpc_tcp_server
jsonrpc_http_server
jsonrpc_ws_server
ethcore_network
tokio_retry
hyper
parity_tokio_ipc
ethcore_call_contract
ethcore_db
parity_local_store
dir
fetch
ethcore_stratum
parity_whisper
igd
jsonrpc_ipc_server
ethcore_blockchain
ethstore
price_info
parity_hash_fetch
ethcore_network_devp2p
LockGuardSrc: ParamSrc(ParamSrcContext { struct_type: "host::Host", fields: "field[6]," })
{	FirstLock: (ParkingLotRwLockReadGuard, "parking_lot::raw_rwlock::RawRwLock, std::collections::HashMap<[u8; 3], std::sync::Arc<dyn ethcore_network::NetworkProtocolHandler + std::marker::Sync>>")
		util/network-devp2p/src/host.rs:832:8: 832:16
	SecondLock: (ParkingLotRwLockReadGuard, "parking_lot::raw_rwlock::RawRwLock, std::collections::HashMap<[u8; 3], std::sync::Arc<dyn ethcore_network::NetworkProtocolHandler + std::marker::Sync>>")
		util/network-devp2p/src/host.rs:958:21: 958:41
	Callchains: {[util/network-devp2p/src/host.rs:841:6: 841:44]}
}
{	FirstLock: (ParkingLotRwLockReadGuard, "parking_lot::raw_rwlock::RawRwLock, std::collections::HashMap<[u8; 3], std::sync::Arc<dyn ethcore_network::NetworkProtocolHandler + std::marker::Sync>>")
		util/network-devp2p/src/host.rs:832:8: 832:16
	SecondLock: (ParkingLotRwLockReadGuard, "parking_lot::raw_rwlock::RawRwLock, std::collections::HashMap<[u8; 3], std::sync::Arc<dyn ethcore_network::NetworkProtocolHandler + std::marker::Sync>>")
		util/network-devp2p/src/host.rs:939:21: 939:41
	Callchains: {[util/network-devp2p/src/host.rs:841:6: 841:44]}
}
ethcore_accounts
ethcore_miner
parity_rocksdb_sys
parity_rocksdb
kvdb_rocksdb
migration_rocksdb
ethcore
LockGuardSrc: ParamSrc(ParamSrcContext { struct_type: "snapshot::service::Service", fields: "field[0]," })
{	FirstLock: (ParkingLotMutexGuard, "parking_lot::RawMutex, std::option::Option<snapshot::service::Restoration>")
		ethcore/src/snapshot/service.rs:693:7: 693:22
	SecondLock: (ParkingLotMutexGuard, "parking_lot::RawMutex, std::option::Option<snapshot::service::Restoration>")
		ethcore/src/snapshot/service.rs:699:6: 699:29
	Callchains: {[]}
}
LockGuardSrc: ParamSrc(ParamSrcContext { struct_type: "engines::validator_set::safe_contract::ValidatorSafeContract", fields: "field[1]," })
{	FirstLock: (ParkingLotRwLockWriteGuard, "parking_lot::RawRwLock, memory_cache::MemoryLruCache<ethereum_types::H256, engines::validator_set::simple_list::SimpleList>")
		ethcore/src/engines/validator_set/safe_contract.rs:409:7: 409:16
	SecondLock: (ParkingLotRwLockWriteGuard, "parking_lot::RawRwLock, memory_cache::MemoryLruCache<ethereum_types::H256, engines::validator_set::simple_list::SimpleList>")
		ethcore/src/engines/validator_set/safe_contract.rs:409:7: 409:16
	Callchains: {[ethcore/src/engines/validator_set/safe_contract.rs:413:3: 420:9, ethcore/src/engines/validator_set/safe_contract.rs:414:23: 420:8, ethcore/src/engines/validator_set/safe_contract.rs:417:20: 417:47, ethcore/src/engines/validator_set/mod.rs:75:3: 75:49]}
}
{	FirstLock: (ParkingLotRwLockWriteGuard, "parking_lot::RawRwLock, memory_cache::MemoryLruCache<ethereum_types::H256, engines::validator_set::simple_list::SimpleList>")
		ethcore/src/engines/validator_set/safe_contract.rs:424:7: 424:16
	SecondLock: (ParkingLotRwLockWriteGuard, "parking_lot::RawRwLock, memory_cache::MemoryLruCache<ethereum_types::H256, engines::validator_set::simple_list::SimpleList>")
		ethcore/src/engines/validator_set/safe_contract.rs:424:7: 424:16
	Callchains: {[ethcore/src/engines/validator_set/safe_contract.rs:425:24: 427:39, ethcore/src/engines/validator_set/safe_contract.rs:427:16: 427:38, ethcore/src/engines/validator_set/mod.rs:81:3: 81:44]}
}
{	FirstLock: (ParkingLotRwLockWriteGuard, "parking_lot::RawRwLock, memory_cache::MemoryLruCache<ethereum_types::H256, engines::validator_set::simple_list::SimpleList>")
		ethcore/src/engines/validator_set/safe_contract.rs:394:7: 394:16
	SecondLock: (ParkingLotRwLockWriteGuard, "parking_lot::RawRwLock, memory_cache::MemoryLruCache<ethereum_types::H256, engines::validator_set::simple_list::SimpleList>")
		ethcore/src/engines/validator_set/safe_contract.rs:394:7: 394:16
	Callchains: {[ethcore/src/engines/validator_set/safe_contract.rs:398:3: 405:9, ethcore/src/engines/validator_set/safe_contract.rs:399:23: 405:8, ethcore/src/engines/validator_set/safe_contract.rs:402:21: 402:55, ethcore/src/engines/validator_set/mod.rs:69:3: 69:56]}
}
LockGuardSrc: ParamSrc(ParamSrcContext { struct_type: "client::test_client::TestBlockChainClient", fields: "field[18]," })
{	FirstLock: (ParkingLotRwLockReadGuard, "parking_lot::RawRwLock, std::option::Option<(ethereum_types::H256, u64)>")
		ethcore/src/client/test_client.rs:491:24: 491:49
	SecondLock: (ParkingLotRwLockReadGuard, "parking_lot::RawRwLock, std::option::Option<(ethereum_types::H256, u64)>")
		ethcore/src/client/test_client.rs:492:26: 492:51
	Callchains: {[]}
}
LockGuardSrc: ParamSrc(ParamSrcContext { struct_type: "client::test_client::TestBlockChainClient", fields: "field[1]," })
{	FirstLock: (ParkingLotRwLockReadGuard, "parking_lot::RawRwLock, std::collections::HashMap<usize, ethereum_types::H256>")
		ethcore/src/client/test_client.rs:350:23: 350:42
	SecondLock: (ParkingLotRwLockReadGuard, "parking_lot::RawRwLock, std::collections::HashMap<usize, ethereum_types::H256>")
		ethcore/src/client/test_client.rs:350:49: 350:68
	Callchains: {[]}
}
LockGuardSrc: ParamSrc(ParamSrcContext { struct_type: "client::test_client::TestBlockChainClient", fields: "field[5]," })
{	FirstLock: (ParkingLotRwLockReadGuard, "parking_lot::RawRwLock, ethereum_types::U256")
		ethcore/src/client/test_client.rs:483:23: 483:45
	SecondLock: (ParkingLotRwLockReadGuard, "parking_lot::RawRwLock, ethereum_types::U256")
		ethcore/src/client/test_client.rs:484:31: 484:53
	Callchains: {[]}
}
LockGuardSrc: ParamSrc(ParamSrcContext { struct_type: "client::test_client::TestBlockChainClient", fields: "field[19]," })
{	FirstLock: (ParkingLotRwLockReadGuard, "parking_lot::RawRwLock, std::option::Option<(ethereum_types::H256, u64)>")
		ethcore/src/client/test_client.rs:489:22: 489:45
	SecondLock: (ParkingLotRwLockReadGuard, "parking_lot::RawRwLock, std::option::Option<(ethereum_types::H256, u64)>")
		ethcore/src/client/test_client.rs:490:24: 490:47
	Callchains: {[]}
}
LockGuardSrc: ParamSrc(ParamSrcContext { struct_type: "client::client::Client", fields: "field[2]," })
{	FirstLock: (ParkingLotRwLockReadGuard, "parking_lot::RawRwLock, std::sync::Arc<blockchain::BlockChain>")
		ethcore/src/client/client.rs:1990:7: 1990:12
	SecondLock: (ParkingLotRwLockReadGuard, "parking_lot::RawRwLock, std::sync::Arc<blockchain::BlockChain>")
		ethcore/src/client/client.rs:1295:31: 1295:48
	Callchains: {[ethcore/src/client/client.rs:2014:19: 2014:58], [ethcore/src/client/client.rs:2010:21: 2010:62]}
}
{	FirstLock: (ParkingLotRwLockReadGuard, "parking_lot::RawRwLock, std::sync::Arc<blockchain::BlockChain>")
		ethcore/src/client/client.rs:1990:7: 1990:12
	SecondLock: (ParkingLotRwLockReadGuard, "parking_lot::RawRwLock, std::sync::Arc<blockchain::BlockChain>")
		ethcore/src/client/client.rs:2082:6: 2082:23
	Callchains: {[]}
}
{	FirstLock: (ParkingLotRwLockReadGuard, "parking_lot::RawRwLock, std::sync::Arc<blockchain::BlockChain>")
		ethcore/src/client/client.rs:2143:29: 2143:46
	SecondLock: (ParkingLotRwLockReadGuard, "parking_lot::RawRwLock, std::sync::Arc<blockchain::BlockChain>")
		ethcore/src/client/client.rs:918:7: 918:12
	Callchains: {[ethcore/src/client/client.rs:2143:5: 2143:65]}
}
{	FirstLock: (ParkingLotRwLockReadGuard, "parking_lot::RawRwLock, std::sync::Arc<blockchain::BlockChain>")
		ethcore/src/client/client.rs:372:7: 372:12
	SecondLock: (ParkingLotRwLockReadGuard, "parking_lot::RawRwLock, std::sync::Arc<blockchain::BlockChain>")
		ethcore/src/client/client.rs:918:7: 918:12
	Callchains: {[ethcore/src/client/client.rs:397:21: 397:67], [ethcore/src/client/client.rs:298:11: 298:59, ethcore/src/client/client.rs:437:17: 443:4, ethcore/src/client/client.rs:612:21: 612:67], [ethcore/src/client/client.rs:298:11: 298:59, ethcore/src/client/client.rs:397:21: 397:67], [ethcore/src/client/client.rs:437:17: 443:4, ethcore/src/client/client.rs:612:21: 612:67]}
}
{	FirstLock: (ParkingLotRwLockReadGuard, "parking_lot::RawRwLock, std::sync::Arc<blockchain::BlockChain>")
		ethcore/src/client/client.rs:2353:7: 2353:12
	SecondLock: (ParkingLotRwLockReadGuard, "parking_lot::RawRwLock, std::sync::Arc<blockchain::BlockChain>")
		ethcore/src/client/client.rs:918:7: 918:12
	Callchains: {[ethcore/src/client/client.rs:2364:4: 2364:30], [ethcore/src/miner/miner.rs:437:12: 441:7, ethcore/src/client/client.rs:2364:4: 2364:30]}
}
{	FirstLock: (ParkingLotRwLockReadGuard, "parking_lot::RawRwLock, std::sync::Arc<blockchain::BlockChain>")
		ethcore/src/client/client.rs:1990:7: 1990:12
	SecondLock: (ParkingLotRwLockReadGuard, "parking_lot::RawRwLock, std::sync::Arc<blockchain::BlockChain>")
		ethcore/src/client/client.rs:1297:28: 1297:45
	Callchains: {[ethcore/src/client/client.rs:2014:19: 2014:58], [ethcore/src/client/client.rs:2010:21: 2010:62]}
}
ethcore_private_tx
parity_ipfs_api
node_filter
ethcore_light
ethcore_sync
ethcore_service
parity_updater
parity_rpc
parity_rpc_client
cli_signer
parity_ethereum
parity
